docker: Error response from daemon: Conflict. The name "/ldap.edt.org" is already in use by container 0ca9acac492b66226aaa668d311f7e6ffe633df157727e0d0cf55982ae9c4460. You have to remove (or rename) that container to be able to reuse that name..
See '/usr/bin/docker-current run --help'.
docker: Error response from daemon: Conflict. The name "/ldap.edt.org" is already in use by container 0ca9acac492b66226aaa668d311f7e6ffe633df157727e0d0cf55982ae9c4460. You have to remove (or rename) that container to be able to reuse that name..
See '/usr/bin/docker-current run --help'.
docker: Error response from daemon: Conflict. The name "/ldap.edt.org" is already in use by container 0ca9acac492b66226aaa668d311f7e6ffe633df157727e0d0cf55982ae9c4460. You have to remove (or rename) that container to be able to reuse that name..
See '/usr/bin/docker-current run --help'.
docker: Error response from daemon: Conflict. The name "/ldap.edt.org" is already in use by container 0ca9acac492b66226aaa668d311f7e6ffe633df157727e0d0cf55982ae9c4460. You have to remove (or rename) that container to be able to reuse that name..
See '/usr/bin/docker-current run --help'.
docker: Error response from daemon: Conflict. The name "/ldap.edt.org" is already in use by container 0ca9acac492b66226aaa668d311f7e6ffe633df157727e0d0cf55982ae9c4460. You have to remove (or rename) that container to be able to reuse that name..
See '/usr/bin/docker-current run --help'.
docker: Error response from daemon: Conflict. The name "/ldap.edt.org" is already in use by container 0ca9acac492b66226aaa668d311f7e6ffe633df157727e0d0cf55982ae9c4460. You have to remove (or rename) that container to be able to reuse that name..
See '/usr/bin/docker-current run --help'.
docker: Error response from daemon: Conflict. The name "/ldap.edt.org" is already in use by container 0ca9acac492b66226aaa668d311f7e6ffe633df157727e0d0cf55982ae9c4460. You have to remove (or rename) that container to be able to reuse that name..
See '/usr/bin/docker-current run --help'.
docker: Error response from daemon: Conflict. The name "/ldap.edt.org" is already in use by container 0ca9acac492b66226aaa668d311f7e6ffe633df157727e0d0cf55982ae9c4460. You have to remove (or rename) that container to be able to reuse that name..
See '/usr/bin/docker-current run --help'.
docker: Error response from daemon: Conflict. The name "/ldap.edt.org" is already in use by container 0ca9acac492b66226aaa668d311f7e6ffe633df157727e0d0cf55982ae9c4460. You have to remove (or rename) that container to be able to reuse that name..
See '/usr/bin/docker-current run --help'.
docker: Error response from daemon: Conflict. The name "/ldap.edt.org" is already in use by container d42b3c86ff22b70cd657935d8684e221ad0948d4608b7e2da859a7b47aae501d. You have to remove (or rename) that container to be able to reuse that name..
See '/usr/bin/docker-current run --help'.
flag provided but not defined: -no-cache
See '/usr/bin/docker-current build --help'.
docker: Error response from daemon: Conflict. The name "/ldap.edt.org" is already in use by container 37b7f3e7e49914114ab7565a9d2248609f70bfceefa6175e25e930807a504c16. You have to remove (or rename) that container to be able to reuse that name..
See '/usr/bin/docker-current run --help'.
docker: Error response from daemon: Conflict. The name "/ldap.edt.org" is already in use by container 37b7f3e7e49914114ab7565a9d2248609f70bfceefa6175e25e930807a504c16. You have to remove (or rename) that container to be able to reuse that name..
See '/usr/bin/docker-current run --help'.
docker: Error response from daemon: Conflict. The name "/ldap.edt.org" is already in use by container 37b7f3e7e49914114ab7565a9d2248609f70bfceefa6175e25e930807a504c16. You have to remove (or rename) that container to be able to reuse that name..
See '/usr/bin/docker-current run --help'.
Cannot connect to the Docker daemon. Is the docker daemon running on this host?
docker: Cannot connect to the Docker daemon. Is the docker daemon running on this host?.
See '/usr/bin/docker-current run --help'.
Cannot connect to the Docker daemon. Is the docker daemon running on this host?
docker: Cannot connect to the Docker daemon. Is the docker daemon running on this host?.
See '/usr/bin/docker-current run --help'.
